$ docker images
REPOSITORY               TAG                 IMAGE ID            CREATED             SIZE
frodox/ubuntu-tmp-file   latest              c33c14ae7b03        53 seconds ago      112 MB
ubuntu                   16.04               0458a4468cbc        4 weeks ago         112 MB
hello-world              latest              f2a91732366c        3 months ago        1.85 kB
fedora                   latest              422dc563ca32        3 months ago        252 MB

---
docker inspect d44d6484cded > container.log
docker inspect c33c14ae7b03 > image.log

Образ --- база для создание контейнеров. Следовательно, таким образом видим,
что образ содержит минимально необходимую ему мета-инфомрацию, единую для всех основанных на нём контейнерах:

* id, теги, ссылка на родительский образ
* мета-информация о создателе образа
* архитектура машины
* слои, из которых состоит образ

Контейнер --- это вариация на основе образа, и имеет более частную информацию:

* запущенная основная команда и pid
* ссылки на логи и мета-файлы в каталоге `/var/cache/docker`
* имя контейнера
* информация об используемом драйвере для ФС, об используемых точках монтирования, портах, лимитах cgroups, capabilities
* информация о различной сетевой настройке

Т.е. образ выступает в качестве обезличенного слепка,
тогда как контейнер --- уже "личность со своим характером".

